
*** Running vivado
    with args -log DSP_Mult.vds -m64 -product Vivado -mode batch -messageDb vivado.pb -notrace -source DSP_Mult.tcl


****** Vivado v2016.3 (64-bit)
  **** SW Build 1682563 on Mon Oct 10 19:07:26 MDT 2016
  **** IP Build 1681267 on Mon Oct 10 21:28:31 MDT 2016
    ** Copyright 1986-2016 Xilinx, Inc. All Rights Reserved.

source DSP_Mult.tcl -notrace
Starting Synthesize : Time (s): cpu = 00:00:09 ; elapsed = 00:00:09 . Memory (MB): peak = 1102.988 ; gain = 192.301 ; free physical = 1111 ; free virtual = 24694
INFO: [Synth 8-638] synthesizing module 'DSP_Mult' [/home/elbadri/Multiplier_beta/Multiplier_beta.srcs/sources_1/ip/DSP_Mult/synth/DSP_Mult.vhd:67]
INFO: [Synth 8-256] done synthesizing module 'DSP_Mult' (6#1) [/home/elbadri/Multiplier_beta/Multiplier_beta.srcs/sources_1/ip/DSP_Mult/synth/DSP_Mult.vhd:67]
Finished Synthesize : Time (s): cpu = 00:00:11 ; elapsed = 00:00:11 . Memory (MB): peak = 1153.461 ; gain = 242.773 ; free physical = 1059 ; free virtual = 24642
Finished Constraint Validation : Time (s): cpu = 00:00:11 ; elapsed = 00:00:11 . Memory (MB): peak = 1153.461 ; gain = 242.773 ; free physical = 1059 ; free virtual = 24642
Finished Loading Part and Timing Information : Time (s): cpu = 00:00:11 ; elapsed = 00:00:11 . Memory (MB): peak = 1161.461 ; gain = 250.773 ; free physical = 1059 ; free virtual = 24642
INFO: [Device 21-403] Loading part xc7a100tcsg324-1
Finished RTL Optimization Phase 2 : Time (s): cpu = 00:00:11 ; elapsed = 00:00:11 . Memory (MB): peak = 1169.469 ; gain = 258.781 ; free physical = 1052 ; free virtual = 24635
Finished Cross Boundary and Area Optimization : Time (s): cpu = 00:00:14 ; elapsed = 00:00:15 . Memory (MB): peak = 1248.492 ; gain = 337.805 ; free physical = 975 ; free virtual = 24557
Finished Timing Optimization : Time (s): cpu = 00:00:14 ; elapsed = 00:00:15 . Memory (MB): peak = 1248.492 ; gain = 337.805 ; free physical = 975 ; free virtual = 24557
Finished Technology Mapping : Time (s): cpu = 00:00:14 ; elapsed = 00:00:15 . Memory (MB): peak = 1257.504 ; gain = 346.816 ; free physical = 967 ; free virtual = 24550
Finished IO Insertion : Time (s): cpu = 00:00:15 ; elapsed = 00:00:15 . Memory (MB): peak = 1257.508 ; gain = 346.820 ; free physical = 967 ; free virtual = 24550
Finished Renaming Generated Instances : Time (s): cpu = 00:00:15 ; elapsed = 00:00:15 . Memory (MB): peak = 1257.508 ; gain = 346.820 ; free physical = 967 ; free virtual = 24550
Finished Rebuilding User Hierarchy : Time (s): cpu = 00:00:15 ; elapsed = 00:00:15 . Memory (MB): peak = 1257.508 ; gain = 346.820 ; free physical = 967 ; free virtual = 24550
Finished Renaming Generated Ports : Time (s): cpu = 00:00:15 ; elapsed = 00:00:15 . Memory (MB): peak = 1257.508 ; gain = 346.820 ; free physical = 967 ; free virtual = 24550
Finished Handling Custom Attributes : Time (s): cpu = 00:00:15 ; elapsed = 00:00:15 . Memory (MB): peak = 1257.508 ; gain = 346.820 ; free physical = 967 ; free virtual = 24550
Finished Renaming Generated Nets : Time (s): cpu = 00:00:15 ; elapsed = 00:00:15 . Memory (MB): peak = 1257.508 ; gain = 346.820 ; free physical = 967 ; free virtual = 24550

Report Cell Usage: 
+------+--------+------+
|      |Cell    |Count |
+------+--------+------+
|1     |DSP48E1 |     1|
+------+--------+------+
Finished Writing Synthesis Report : Time (s): cpu = 00:00:15 ; elapsed = 00:00:15 . Memory (MB): peak = 1257.508 ; gain = 346.820 ; free physical = 967 ; free virtual = 24550
synth_design: Time (s): cpu = 00:00:13 ; elapsed = 00:00:13 . Memory (MB): peak = 1363.355 ; gain = 339.949 ; free physical = 889 ; free virtual = 24472
write_checkpoint: Time (s): cpu = 00:00:11 ; elapsed = 00:00:11 . Memory (MB): peak = 1783.828 ; gain = 420.473 ; free physical = 568 ; free virtual = 24151
