
*** Running vivado
    with args -log c_addsub_0.vds -m64 -product Vivado -mode batch -messageDb vivado.pb -notrace -source c_addsub_0.tcl


****** Vivado v2016.3 (64-bit)
  **** SW Build 1682563 on Mon Oct 10 19:07:26 MDT 2016
  **** IP Build 1681267 on Mon Oct 10 21:28:31 MDT 2016
    ** Copyright 1986-2016 Xilinx, Inc. All Rights Reserved.

source c_addsub_0.tcl -notrace
Starting Synthesize : Time (s): cpu = 00:00:10 ; elapsed = 00:00:32 . Memory (MB): peak = 1060.059 ; gain = 152.301 ; free physical = 110 ; free virtual = 2168
INFO: [Synth 8-638] synthesizing module 'c_addsub_0' [/home/el3ctrician/Desktop/Tesi/Multiplier_beta/Multiplier_beta.srcs/sources_1/ip/c_addsub_0/synth/c_addsub_0.vhd:68]
INFO: [Synth 8-256] done synthesizing module 'c_addsub_0' (8#1) [/home/el3ctrician/Desktop/Tesi/Multiplier_beta/Multiplier_beta.srcs/sources_1/ip/c_addsub_0/synth/c_addsub_0.vhd:68]
Finished Synthesize : Time (s): cpu = 00:00:12 ; elapsed = 00:00:35 . Memory (MB): peak = 1105.527 ; gain = 197.770 ; free physical = 131 ; free virtual = 2155
Finished Constraint Validation : Time (s): cpu = 00:00:12 ; elapsed = 00:00:35 . Memory (MB): peak = 1105.527 ; gain = 197.770 ; free physical = 130 ; free virtual = 2155
INFO: [Device 21-403] Loading part xc7a100tcsg324-1
Finished Loading Part and Timing Information : Time (s): cpu = 00:00:12 ; elapsed = 00:00:35 . Memory (MB): peak = 1113.531 ; gain = 205.773 ; free physical = 130 ; free virtual = 2155
Finished RTL Optimization Phase 2 : Time (s): cpu = 00:00:12 ; elapsed = 00:00:35 . Memory (MB): peak = 1121.539 ; gain = 213.781 ; free physical = 118 ; free virtual = 2147
Finished Cross Boundary and Area Optimization : Time (s): cpu = 00:00:15 ; elapsed = 00:00:41 . Memory (MB): peak = 1196.609 ; gain = 288.852 ; free physical = 110 ; free virtual = 2091
Finished Timing Optimization : Time (s): cpu = 00:00:15 ; elapsed = 00:00:41 . Memory (MB): peak = 1196.609 ; gain = 288.852 ; free physical = 110 ; free virtual = 2091
Finished Technology Mapping : Time (s): cpu = 00:00:15 ; elapsed = 00:00:41 . Memory (MB): peak = 1204.617 ; gain = 296.859 ; free physical = 102 ; free virtual = 2084
Finished IO Insertion : Time (s): cpu = 00:00:16 ; elapsed = 00:00:42 . Memory (MB): peak = 1204.617 ; gain = 296.859 ; free physical = 102 ; free virtual = 2083
Finished Renaming Generated Instances : Time (s): cpu = 00:00:16 ; elapsed = 00:00:42 . Memory (MB): peak = 1204.617 ; gain = 296.859 ; free physical = 102 ; free virtual = 2083
Finished Rebuilding User Hierarchy : Time (s): cpu = 00:00:16 ; elapsed = 00:00:42 . Memory (MB): peak = 1204.617 ; gain = 296.859 ; free physical = 102 ; free virtual = 2083
Finished Renaming Generated Ports : Time (s): cpu = 00:00:16 ; elapsed = 00:00:42 . Memory (MB): peak = 1204.617 ; gain = 296.859 ; free physical = 102 ; free virtual = 2083
Finished Handling Custom Attributes : Time (s): cpu = 00:00:16 ; elapsed = 00:00:42 . Memory (MB): peak = 1204.617 ; gain = 296.859 ; free physical = 101 ; free virtual = 2083
Finished Renaming Generated Nets : Time (s): cpu = 00:00:16 ; elapsed = 00:00:42 . Memory (MB): peak = 1204.617 ; gain = 296.859 ; free physical = 101 ; free virtual = 2083

Report Cell Usage: 
+------+--------+------+
|      |Cell    |Count |
+------+--------+------+
|1     |DSP48E1 |     1|
+------+--------+------+
Finished Writing Synthesis Report : Time (s): cpu = 00:00:16 ; elapsed = 00:00:42 . Memory (MB): peak = 1204.617 ; gain = 296.859 ; free physical = 101 ; free virtual = 2083
synth_design: Time (s): cpu = 00:00:15 ; elapsed = 00:00:31 . Memory (MB): peak = 1332.957 ; gain = 338.480 ; free physical = 100 ; free virtual = 1986
write_checkpoint: Time (s): cpu = 00:00:12 ; elapsed = 00:00:48 . Memory (MB): peak = 1721.414 ; gain = 388.457 ; free physical = 131 ; free virtual = 1631
