
*** Running vivado
    with args -log c_addsub_0.vds -m64 -product Vivado -mode batch -messageDb vivado.pb -notrace -source c_addsub_0.tcl


****** Vivado v2016.3 (64-bit)
  **** SW Build 1682563 on Mon Oct 10 19:07:26 MDT 2016
  **** IP Build 1681267 on Mon Oct 10 21:28:31 MDT 2016
    ** Copyright 1986-2016 Xilinx, Inc. All Rights Reserved.

source c_addsub_0.tcl -notrace
Starting Synthesize : Time (s): cpu = 00:00:09 ; elapsed = 00:00:10 . Memory (MB): peak = 1103.984 ; gain = 193.301 ; free physical = 926 ; free virtual = 24513
INFO: [Synth 8-638] synthesizing module 'c_addsub_0' [/home/elbadri/Multiplier_beta/Multiplier_beta.srcs/sources_1/ip/c_addsub_0/synth/c_addsub_0.vhd:67]
INFO: [Synth 8-256] done synthesizing module 'c_addsub_0' (8#1) [/home/elbadri/Multiplier_beta/Multiplier_beta.srcs/sources_1/ip/c_addsub_0/synth/c_addsub_0.vhd:67]
Finished Synthesize : Time (s): cpu = 00:00:11 ; elapsed = 00:00:11 . Memory (MB): peak = 1148.457 ; gain = 237.773 ; free physical = 880 ; free virtual = 24467
Finished Constraint Validation : Time (s): cpu = 00:00:11 ; elapsed = 00:00:11 . Memory (MB): peak = 1148.457 ; gain = 237.773 ; free physical = 880 ; free virtual = 24467
Finished Loading Part and Timing Information : Time (s): cpu = 00:00:11 ; elapsed = 00:00:11 . Memory (MB): peak = 1156.457 ; gain = 245.773 ; free physical = 880 ; free virtual = 24467
INFO: [Device 21-403] Loading part xc7a100tcsg324-1
Finished RTL Optimization Phase 2 : Time (s): cpu = 00:00:11 ; elapsed = 00:00:11 . Memory (MB): peak = 1164.465 ; gain = 253.781 ; free physical = 871 ; free virtual = 24458
Finished Cross Boundary and Area Optimization : Time (s): cpu = 00:00:14 ; elapsed = 00:00:15 . Memory (MB): peak = 1240.535 ; gain = 329.852 ; free physical = 797 ; free virtual = 24384
Finished Timing Optimization : Time (s): cpu = 00:00:14 ; elapsed = 00:00:15 . Memory (MB): peak = 1240.535 ; gain = 329.852 ; free physical = 797 ; free virtual = 24384
Finished Technology Mapping : Time (s): cpu = 00:00:14 ; elapsed = 00:00:15 . Memory (MB): peak = 1248.539 ; gain = 337.855 ; free physical = 789 ; free virtual = 24376
Finished IO Insertion : Time (s): cpu = 00:00:15 ; elapsed = 00:00:15 . Memory (MB): peak = 1248.543 ; gain = 337.859 ; free physical = 789 ; free virtual = 24376
Finished Renaming Generated Instances : Time (s): cpu = 00:00:15 ; elapsed = 00:00:15 . Memory (MB): peak = 1248.543 ; gain = 337.859 ; free physical = 789 ; free virtual = 24376
Finished Rebuilding User Hierarchy : Time (s): cpu = 00:00:15 ; elapsed = 00:00:15 . Memory (MB): peak = 1248.543 ; gain = 337.859 ; free physical = 789 ; free virtual = 24376
Finished Renaming Generated Ports : Time (s): cpu = 00:00:15 ; elapsed = 00:00:15 . Memory (MB): peak = 1248.543 ; gain = 337.859 ; free physical = 789 ; free virtual = 24376
Finished Handling Custom Attributes : Time (s): cpu = 00:00:15 ; elapsed = 00:00:15 . Memory (MB): peak = 1248.543 ; gain = 337.859 ; free physical = 789 ; free virtual = 24376
Finished Renaming Generated Nets : Time (s): cpu = 00:00:15 ; elapsed = 00:00:15 . Memory (MB): peak = 1248.543 ; gain = 337.859 ; free physical = 789 ; free virtual = 24376

Report Cell Usage: 
+------+--------+------+
|      |Cell    |Count |
+------+--------+------+
|1     |DSP48E1 |     1|
+------+--------+------+
Finished Writing Synthesis Report : Time (s): cpu = 00:00:15 ; elapsed = 00:00:15 . Memory (MB): peak = 1248.543 ; gain = 337.859 ; free physical = 789 ; free virtual = 24376
synth_design: Time (s): cpu = 00:00:13 ; elapsed = 00:00:13 . Memory (MB): peak = 1353.387 ; gain = 329.984 ; free physical = 711 ; free virtual = 24298
write_checkpoint: Time (s): cpu = 00:00:12 ; elapsed = 00:00:12 . Memory (MB): peak = 1773.863 ; gain = 420.477 ; free physical = 367 ; free virtual = 23949
