
*** Running vivado
    with args -log DSP_Mult.vds -m64 -product Vivado -mode batch -messageDb vivado.pb -notrace -source DSP_Mult.tcl


****** Vivado v2016.3 (64-bit)
  **** SW Build 1682563 on Mon Oct 10 19:07:26 MDT 2016
  **** IP Build 1681267 on Mon Oct 10 21:28:31 MDT 2016
    ** Copyright 1986-2016 Xilinx, Inc. All Rights Reserved.

source DSP_Mult.tcl -notrace
Starting Synthesize : Time (s): cpu = 00:00:09 ; elapsed = 00:00:09 . Memory (MB): peak = 1102.984 ; gain = 192.301 ; free physical = 1995 ; free virtual = 24806
INFO: [Synth 8-638] synthesizing module 'DSP_Mult' [/home/elbadri/Multiplier_beta/Multiplier_beta.srcs/sources_1/ip/DSP_Mult/synth/DSP_Mult.vhd:67]
INFO: [Synth 8-256] done synthesizing module 'DSP_Mult' (6#1) [/home/elbadri/Multiplier_beta/Multiplier_beta.srcs/sources_1/ip/DSP_Mult/synth/DSP_Mult.vhd:67]
Finished Synthesize : Time (s): cpu = 00:00:11 ; elapsed = 00:00:11 . Memory (MB): peak = 1153.457 ; gain = 242.773 ; free physical = 1944 ; free virtual = 24754
Finished Constraint Validation : Time (s): cpu = 00:00:11 ; elapsed = 00:00:11 . Memory (MB): peak = 1153.457 ; gain = 242.773 ; free physical = 1944 ; free virtual = 24754
Finished Loading Part and Timing Information : Time (s): cpu = 00:00:11 ; elapsed = 00:00:11 . Memory (MB): peak = 1161.457 ; gain = 250.773 ; free physical = 1944 ; free virtual = 24754
INFO: [Device 21-403] Loading part xc7a100tcsg324-1
Finished RTL Optimization Phase 2 : Time (s): cpu = 00:00:11 ; elapsed = 00:00:11 . Memory (MB): peak = 1169.465 ; gain = 258.781 ; free physical = 1934 ; free virtual = 24744
Finished Cross Boundary and Area Optimization : Time (s): cpu = 00:00:14 ; elapsed = 00:00:15 . Memory (MB): peak = 1248.488 ; gain = 337.805 ; free physical = 1859 ; free virtual = 24669
Finished Timing Optimization : Time (s): cpu = 00:00:14 ; elapsed = 00:00:15 . Memory (MB): peak = 1248.488 ; gain = 337.805 ; free physical = 1859 ; free virtual = 24669
Finished Technology Mapping : Time (s): cpu = 00:00:14 ; elapsed = 00:00:15 . Memory (MB): peak = 1257.500 ; gain = 346.816 ; free physical = 1851 ; free virtual = 24661
Finished IO Insertion : Time (s): cpu = 00:00:15 ; elapsed = 00:00:15 . Memory (MB): peak = 1257.504 ; gain = 346.820 ; free physical = 1851 ; free virtual = 24661
Finished Renaming Generated Instances : Time (s): cpu = 00:00:15 ; elapsed = 00:00:15 . Memory (MB): peak = 1257.504 ; gain = 346.820 ; free physical = 1851 ; free virtual = 24661
Finished Rebuilding User Hierarchy : Time (s): cpu = 00:00:15 ; elapsed = 00:00:15 . Memory (MB): peak = 1257.504 ; gain = 346.820 ; free physical = 1851 ; free virtual = 24661
Finished Renaming Generated Ports : Time (s): cpu = 00:00:15 ; elapsed = 00:00:15 . Memory (MB): peak = 1257.504 ; gain = 346.820 ; free physical = 1851 ; free virtual = 24661
Finished Handling Custom Attributes : Time (s): cpu = 00:00:15 ; elapsed = 00:00:15 . Memory (MB): peak = 1257.504 ; gain = 346.820 ; free physical = 1851 ; free virtual = 24661
Finished Renaming Generated Nets : Time (s): cpu = 00:00:15 ; elapsed = 00:00:15 . Memory (MB): peak = 1257.504 ; gain = 346.820 ; free physical = 1851 ; free virtual = 24661

Report Cell Usage: 
+------+--------+------+
|      |Cell    |Count |
+------+--------+------+
|1     |DSP48E1 |     1|
+------+--------+------+
Finished Writing Synthesis Report : Time (s): cpu = 00:00:15 ; elapsed = 00:00:15 . Memory (MB): peak = 1257.504 ; gain = 346.820 ; free physical = 1851 ; free virtual = 24661
synth_design: Time (s): cpu = 00:00:13 ; elapsed = 00:00:13 . Memory (MB): peak = 1362.352 ; gain = 338.949 ; free physical = 1773 ; free virtual = 24584
write_checkpoint: Time (s): cpu = 00:00:11 ; elapsed = 00:00:11 . Memory (MB): peak = 1783.824 ; gain = 421.473 ; free physical = 1439 ; free virtual = 24250
