
*** Running vivado
    with args -log mult_fabric.vds -m64 -product Vivado -mode batch -messageDb vivado.pb -notrace -source mult_fabric.tcl


****** Vivado v2016.3 (64-bit)
  **** SW Build 1682563 on Mon Oct 10 19:07:26 MDT 2016
  **** IP Build 1681267 on Mon Oct 10 21:28:31 MDT 2016
    ** Copyright 1986-2016 Xilinx, Inc. All Rights Reserved.

source mult_fabric.tcl -notrace
Starting Synthesize : Time (s): cpu = 00:00:12 ; elapsed = 00:00:13 . Memory (MB): peak = 1102.988 ; gain = 192.301 ; free physical = 697 ; free virtual = 16140
INFO: [Synth 8-638] synthesizing module 'mult_fabric' [/home/elbadri/Multiplier_beta/Multiplier_beta.srcs/sources_1/ip/mult_fabric/synth/mult_fabric.vhd:67]
INFO: [Synth 8-256] done synthesizing module 'mult_fabric' (5#1) [/home/elbadri/Multiplier_beta/Multiplier_beta.srcs/sources_1/ip/mult_fabric/synth/mult_fabric.vhd:67]
Finished Synthesize : Time (s): cpu = 00:00:14 ; elapsed = 00:00:15 . Memory (MB): peak = 1153.461 ; gain = 242.773 ; free physical = 647 ; free virtual = 16090
Finished Constraint Validation : Time (s): cpu = 00:00:14 ; elapsed = 00:00:15 . Memory (MB): peak = 1153.461 ; gain = 242.773 ; free physical = 646 ; free virtual = 16089
Finished Loading Part and Timing Information : Time (s): cpu = 00:00:14 ; elapsed = 00:00:15 . Memory (MB): peak = 1161.461 ; gain = 250.773 ; free physical = 647 ; free virtual = 16089
INFO: [Device 21-403] Loading part xc7a100tcsg324-1
Finished RTL Optimization Phase 2 : Time (s): cpu = 00:00:15 ; elapsed = 00:00:15 . Memory (MB): peak = 1169.469 ; gain = 258.781 ; free physical = 640 ; free virtual = 16083
Finished Cross Boundary and Area Optimization : Time (s): cpu = 00:00:19 ; elapsed = 00:00:19 . Memory (MB): peak = 1256.551 ; gain = 345.863 ; free physical = 537 ; free virtual = 15982
Finished Timing Optimization : Time (s): cpu = 00:00:19 ; elapsed = 00:00:19 . Memory (MB): peak = 1256.551 ; gain = 345.863 ; free physical = 537 ; free virtual = 15982
Finished Technology Mapping : Time (s): cpu = 00:00:19 ; elapsed = 00:00:19 . Memory (MB): peak = 1256.551 ; gain = 345.863 ; free physical = 536 ; free virtual = 15981
Finished IO Insertion : Time (s): cpu = 00:00:19 ; elapsed = 00:00:20 . Memory (MB): peak = 1256.555 ; gain = 345.867 ; free physical = 535 ; free virtual = 15981
Finished Renaming Generated Instances : Time (s): cpu = 00:00:19 ; elapsed = 00:00:20 . Memory (MB): peak = 1256.555 ; gain = 345.867 ; free physical = 535 ; free virtual = 15981
Finished Rebuilding User Hierarchy : Time (s): cpu = 00:00:19 ; elapsed = 00:00:20 . Memory (MB): peak = 1256.555 ; gain = 345.867 ; free physical = 536 ; free virtual = 15982
Finished Renaming Generated Ports : Time (s): cpu = 00:00:19 ; elapsed = 00:00:20 . Memory (MB): peak = 1256.555 ; gain = 345.867 ; free physical = 536 ; free virtual = 15982
Finished Handling Custom Attributes : Time (s): cpu = 00:00:19 ; elapsed = 00:00:20 . Memory (MB): peak = 1256.555 ; gain = 345.867 ; free physical = 536 ; free virtual = 15982
Finished Renaming Generated Nets : Time (s): cpu = 00:00:19 ; elapsed = 00:00:20 . Memory (MB): peak = 1256.555 ; gain = 345.867 ; free physical = 536 ; free virtual = 15982

Report Cell Usage: 
+------+---------+------+
|      |Cell     |Count |
+------+---------+------+
|1     |CARRY4   |     9|
|2     |LUT1     |     8|
|3     |LUT2     |    32|
|4     |LUT4     |    28|
|5     |MULT_AND |    36|
|6     |MUXCY    |    36|
|7     |XORCY    |    40|
+------+---------+------+
Finished Writing Synthesis Report : Time (s): cpu = 00:00:19 ; elapsed = 00:00:20 . Memory (MB): peak = 1256.555 ; gain = 345.867 ; free physical = 536 ; free virtual = 15982
synth_design: Time (s): cpu = 00:00:17 ; elapsed = 00:00:17 . Memory (MB): peak = 1362.402 ; gain = 338.996 ; free physical = 346 ; free virtual = 15792
write_checkpoint: Time (s): cpu = 00:00:14 ; elapsed = 00:00:14 . Memory (MB): peak = 1854.875 ; gain = 492.473 ; free physical = 175 ; free virtual = 15171
