
*** Running vivado
    with args -log c_addsub_0.vds -m64 -product Vivado -mode batch -messageDb vivado.pb -notrace -source c_addsub_0.tcl


****** Vivado v2016.3 (64-bit)
  **** SW Build 1682563 on Mon Oct 10 19:07:26 MDT 2016
  **** IP Build 1681267 on Mon Oct 10 21:28:31 MDT 2016
    ** Copyright 1986-2016 Xilinx, Inc. All Rights Reserved.

source c_addsub_0.tcl -notrace
Starting Synthesize : Time (s): cpu = 00:00:09 ; elapsed = 00:00:09 . Memory (MB): peak = 1103.992 ; gain = 193.301 ; free physical = 933 ; free virtual = 24518
INFO: [Synth 8-638] synthesizing module 'c_addsub_0' [/home/elbadri/Multiplier_beta/Multiplier_beta.srcs/sources_1/ip/c_addsub_0/synth/c_addsub_0.vhd:69]
INFO: [Synth 8-256] done synthesizing module 'c_addsub_0' (8#1) [/home/elbadri/Multiplier_beta/Multiplier_beta.srcs/sources_1/ip/c_addsub_0/synth/c_addsub_0.vhd:69]
Finished Synthesize : Time (s): cpu = 00:00:11 ; elapsed = 00:00:11 . Memory (MB): peak = 1148.465 ; gain = 237.773 ; free physical = 886 ; free virtual = 24471
Finished Constraint Validation : Time (s): cpu = 00:00:11 ; elapsed = 00:00:11 . Memory (MB): peak = 1148.465 ; gain = 237.773 ; free physical = 887 ; free virtual = 24471
Finished Loading Part and Timing Information : Time (s): cpu = 00:00:11 ; elapsed = 00:00:11 . Memory (MB): peak = 1156.465 ; gain = 245.773 ; free physical = 887 ; free virtual = 24471
INFO: [Device 21-403] Loading part xc7a100tcsg324-1
Finished RTL Optimization Phase 2 : Time (s): cpu = 00:00:11 ; elapsed = 00:00:11 . Memory (MB): peak = 1164.473 ; gain = 253.781 ; free physical = 879 ; free virtual = 24464
Finished Cross Boundary and Area Optimization : Time (s): cpu = 00:00:14 ; elapsed = 00:00:14 . Memory (MB): peak = 1241.543 ; gain = 330.852 ; free physical = 803 ; free virtual = 24388
Finished Timing Optimization : Time (s): cpu = 00:00:14 ; elapsed = 00:00:14 . Memory (MB): peak = 1241.543 ; gain = 330.852 ; free physical = 803 ; free virtual = 24388
Finished Technology Mapping : Time (s): cpu = 00:00:14 ; elapsed = 00:00:14 . Memory (MB): peak = 1249.547 ; gain = 338.855 ; free physical = 795 ; free virtual = 24380
Finished IO Insertion : Time (s): cpu = 00:00:15 ; elapsed = 00:00:15 . Memory (MB): peak = 1249.551 ; gain = 338.859 ; free physical = 795 ; free virtual = 24380
Finished Renaming Generated Instances : Time (s): cpu = 00:00:15 ; elapsed = 00:00:15 . Memory (MB): peak = 1249.551 ; gain = 338.859 ; free physical = 795 ; free virtual = 24380
Finished Rebuilding User Hierarchy : Time (s): cpu = 00:00:15 ; elapsed = 00:00:15 . Memory (MB): peak = 1249.551 ; gain = 338.859 ; free physical = 795 ; free virtual = 24380
Finished Renaming Generated Ports : Time (s): cpu = 00:00:15 ; elapsed = 00:00:15 . Memory (MB): peak = 1249.551 ; gain = 338.859 ; free physical = 795 ; free virtual = 24380
Finished Handling Custom Attributes : Time (s): cpu = 00:00:15 ; elapsed = 00:00:15 . Memory (MB): peak = 1249.551 ; gain = 338.859 ; free physical = 795 ; free virtual = 24380
Finished Renaming Generated Nets : Time (s): cpu = 00:00:15 ; elapsed = 00:00:15 . Memory (MB): peak = 1249.551 ; gain = 338.859 ; free physical = 795 ; free virtual = 24380

Report Cell Usage: 
+------+--------+------+
|      |Cell    |Count |
+------+--------+------+
|1     |DSP48E1 |     1|
+------+--------+------+
Finished Writing Synthesis Report : Time (s): cpu = 00:00:15 ; elapsed = 00:00:15 . Memory (MB): peak = 1249.551 ; gain = 338.859 ; free physical = 795 ; free virtual = 24380
synth_design: Time (s): cpu = 00:00:12 ; elapsed = 00:00:12 . Memory (MB): peak = 1353.398 ; gain = 329.988 ; free physical = 718 ; free virtual = 24302
write_checkpoint: Time (s): cpu = 00:00:11 ; elapsed = 00:00:11 . Memory (MB): peak = 1773.871 ; gain = 420.473 ; free physical = 386 ; free virtual = 23970
