INFO: [VRFC 10-163] Analyzing VHDL file "/home/elbadri/Multiplier_beta_0.1/Multiplier_beta_0.1/Multiplier_beta.srcs/sources_1/ip/DSP_Mult/sim/DSP_Mult.vhd" into library xil_defaultlib
INFO: [VRFC 10-307] analyzing entity DSP_Mult
INFO: [VRFC 10-163] Analyzing VHDL file "/home/elbadri/Multiplier_beta_0.1/Multiplier_beta_0.1/Multiplier_beta.srcs/sources_1/ip/c_addsub_0/sim/c_addsub_0.vhd" into library xil_defaultlib
INFO: [VRFC 10-307] analyzing entity c_addsub_0
INFO: [VRFC 10-163] Analyzing VHDL file "/home/elbadri/Multiplier_beta_0.1/Multiplier_beta_0.1/Multiplier_beta.srcs/sources_1/ip/sub/sim/sub.vhd" into library xil_defaultlib
INFO: [VRFC 10-307] analyzing entity sub
INFO: [VRFC 10-163] Analyzing VHDL file "/home/elbadri/Multiplier_beta_0.1/Multiplier_beta_0.1/Multiplier_beta.srcs/sources_1/ip/xbip_dsp48_macro_0/sim/xbip_dsp48_macro_0.vhd" into library xil_defaultlib
INFO: [VRFC 10-307] analyzing entity xbip_dsp48_macro_0
INFO: [VRFC 10-163] Analyzing VHDL file "/home/elbadri/Multiplier_beta_0.1/Multiplier_beta_0.1/Multiplier_beta.srcs/sources_1/ip/mult_fabric/sim/mult_fabric.vhd" into library xil_defaultlib
INFO: [VRFC 10-307] analyzing entity mult_fabric
INFO: [VRFC 10-163] Analyzing VHDL file "/home/elbadri/Multiplier_beta_0.1/Multiplier_beta_0.1/Multiplier_beta.srcs/sources_1/imports/new/customTools.vhd" into library xil_defaultlib
INFO: [VRFC 10-163] Analyzing VHDL file "/home/elbadri/Multiplier_beta_0.1/Multiplier_beta_0.1/Multiplier_beta.srcs/sources_1/new/gen_mult.vhd" into library xil_defaultlib
INFO: [VRFC 10-307] analyzing entity gen_mult
INFO: [VRFC 10-163] Analyzing VHDL file "/home/elbadri/Multiplier_beta_0.1/Multiplier_beta_0.1/Multiplier_beta.srcs/sources_1/new/gen_adder.vhd" into library xil_defaultlib
INFO: [VRFC 10-307] analyzing entity gen_adder
INFO: [VRFC 10-163] Analyzing VHDL file "/home/elbadri/Multiplier_beta_0.1/Multiplier_beta_0.1/Multiplier_beta.srcs/sources_1/new/coreCompare.vhd" into library xil_defaultlib
INFO: [VRFC 10-307] analyzing entity coreCompare
INFO: [VRFC 10-163] Analyzing VHDL file "/home/elbadri/Multiplier_beta_0.1/Multiplier_beta_0.1/Multiplier_beta.srcs/sources_1/new/cAdder.vhd" into library xil_defaultlib
INFO: [VRFC 10-307] analyzing entity cAdder
INFO: [VRFC 10-163] Analyzing VHDL file "/home/elbadri/Multiplier_beta_0.1/Multiplier_beta_0.1/Multiplier_beta.srcs/sources_1/new/Dreg.vhd" into library xil_defaultlib
INFO: [VRFC 10-307] analyzing entity Dreg
INFO: [VRFC 10-163] Analyzing VHDL file "/home/elbadri/Multiplier_beta_0.1/Multiplier_beta_0.1/Multiplier_beta.srcs/sources_1/new/convolution.vhd" into library xil_defaultlib
INFO: [VRFC 10-307] analyzing entity convolution
INFO: [VRFC 10-163] Analyzing VHDL file "/home/elbadri/Multiplier_beta_0.1/Multiplier_beta_0.1/Multiplier_beta.srcs/sources_1/new/comparator.vhd" into library xil_defaultlib
INFO: [VRFC 10-307] analyzing entity comparator
INFO: [VRFC 10-163] Analyzing VHDL file "/home/elbadri/Multiplier_beta_0.1/Multiplier_beta_0.1/Multiplier_beta.srcs/sources_1/new/chip.vhd" into library xil_defaultlib
INFO: [VRFC 10-307] analyzing entity chip
INFO: [VRFC 10-163] Analyzing VHDL file "/home/elbadri/Multiplier_beta_0.1/Multiplier_beta_0.1/Multiplier_beta.srcs/sources_1/new/simulator.vhd" into library xil_defaultlib
INFO: [VRFC 10-307] analyzing entity simulator
INFO: [VRFC 10-163] Analyzing VHDL file "/home/elbadri/Multiplier_beta_0.1/Multiplier_beta_0.1/Multiplier_beta.srcs/sources_1/new/cAddrWrapperTest.vhd" into library xil_defaultlib
INFO: [VRFC 10-307] analyzing entity cAddrWrapperTest
INFO: [VRFC 10-163] Analyzing VHDL file "/home/elbadri/Multiplier_beta_0.1/Multiplier_beta_0.1/Multiplier_beta.srcs/sources_1/new/PackageTest.vhd" into library xil_defaultlib
INFO: [VRFC 10-307] analyzing entity PackageTest
INFO: [VRFC 10-163] Analyzing VHDL file "/home/elbadri/Multiplier_beta_0.1/Multiplier_beta_0.1/Multiplier_beta.srcs/sources_1/new/convolutionWrapperTest.vhd" into library xil_defaultlib
INFO: [VRFC 10-307] analyzing entity convolutionWrapperTest
INFO: [VRFC 10-163] Analyzing VHDL file "/home/elbadri/Multiplier_beta_0.1/Multiplier_beta_0.1/Multiplier_beta.srcs/sources_1/new/fabricAdder.vhd" into library xil_defaultlib
INFO: [VRFC 10-307] analyzing entity fabricAdder
INFO: [VRFC 10-163] Analyzing VHDL file "/home/elbadri/Multiplier_beta_0.1/Multiplier_beta_0.1/Multiplier_beta.srcs/sources_1/new/fabricAdderWrapper.vhd" into library xil_defaultlib
INFO: [VRFC 10-307] analyzing entity fabricAdderWrapper
INFO: [VRFC 10-163] Analyzing VHDL file "/home/elbadri/Multiplier_beta_0.1/Multiplier_beta_0.1/Multiplier_beta.srcs/sources_1/new/DspOddAdder.vhd" into library xil_defaultlib
INFO: [VRFC 10-307] analyzing entity DspOddAdder
INFO: [VRFC 10-163] Analyzing VHDL file "/home/elbadri/Multiplier_beta_0.1/Multiplier_beta_0.1/Multiplier_beta.srcs/sources_1/imports/new/carrySplitter.vhd" into library xil_defaultlib
INFO: [VRFC 10-307] analyzing entity carrySplitter
INFO: [VRFC 10-163] Analyzing VHDL file "/home/elbadri/Multiplier_beta_0.1/Multiplier_beta_0.1/Multiplier_beta.srcs/sources_1/new/CarrySplitAddWrapper.vhd" into library xil_defaultlib
INFO: [VRFC 10-307] analyzing entity CarrySplitAddWrapper
INFO: [VRFC 10-163] Analyzing VHDL file "/home/elbadri/Multiplier_beta_0.1/Multiplier_beta_0.1/Multiplier_beta.srcs/sources_1/new/fabric_mult.vhd" into library xil_defaultlib
INFO: [VRFC 10-307] analyzing entity fabric_mult
INFO: [VRFC 10-163] Analyzing VHDL file "/home/elbadri/Multiplier_beta_0.1/Multiplier_beta_0.1/Multiplier_beta.srcs/sources_1/new/fabric_comp.vhd" into library xil_defaultlib
INFO: [VRFC 10-307] analyzing entity fabric_comp
INFO: [VRFC 10-163] Analyzing VHDL file "/home/elbadri/Multiplier_beta_0.1/Multiplier_beta_0.1/Multiplier_beta.srcs/sources_1/new/fabricCompWrapper.vhd" into library xil_defaultlib
INFO: [VRFC 10-307] analyzing entity fabricCompWrapper
INFO: [VRFC 10-163] Analyzing VHDL file "/home/elbadri/Multiplier_beta_0.1/Multiplier_beta_0.1/Multiplier_beta.srcs/sources_1/new/genOR.vhd" into library xil_defaultlib
INFO: [VRFC 10-307] analyzing entity genOR
INFO: [VRFC 10-163] Analyzing VHDL file "/home/elbadri/Multiplier_beta_0.1/Multiplier_beta_0.1/Multiplier_beta.srcs/sources_1/new/LFSR.vhd" into library xil_defaultlib
INFO: [VRFC 10-307] analyzing entity lfsr
INFO: [VRFC 10-163] Analyzing VHDL file "/home/elbadri/Multiplier_beta_0.1/Multiplier_beta_0.1/Multiplier_beta.srcs/sim_1/new/genMultSimu.vhd" into library xil_defaultlib
INFO: [VRFC 10-307] analyzing entity genMultSimu
INFO: [VRFC 10-163] Analyzing VHDL file "/home/elbadri/Multiplier_beta_0.1/Multiplier_beta_0.1/Multiplier_beta.srcs/sim_1/new/genAdderSimu.vhd" into library xil_defaultlib
INFO: [VRFC 10-307] analyzing entity genAdderSimu
INFO: [VRFC 10-163] Analyzing VHDL file "/home/elbadri/Multiplier_beta_0.1/Multiplier_beta_0.1/Multiplier_beta.srcs/sim_1/new/compCoreSimu.vhd" into library xil_defaultlib
INFO: [VRFC 10-307] analyzing entity compCoreSimu
INFO: [VRFC 10-163] Analyzing VHDL file "/home/elbadri/Multiplier_beta_0.1/Multiplier_beta_0.1/Multiplier_beta.srcs/sim_1/new/convSimu.vhd" into library xil_defaultlib
INFO: [VRFC 10-307] analyzing entity convSimu
INFO: [VRFC 10-163] Analyzing VHDL file "/home/elbadri/Multiplier_beta_0.1/Multiplier_beta_0.1/Multiplier_beta.srcs/sim_1/new/cAdderParam.vhd" into library xil_defaultlib
INFO: [VRFC 10-307] analyzing entity cAdderParam
INFO: [VRFC 10-163] Analyzing VHDL file "/home/elbadri/Multiplier_beta_0.1/Multiplier_beta_0.1/Multiplier_beta.srcs/sim_1/new/fabricAdderTest.vhd" into library xil_defaultlib
INFO: [VRFC 10-307] analyzing entity fabricAdderTest
INFO: [VRFC 10-163] Analyzing VHDL file "/home/elbadri/Multiplier_beta_0.1/Multiplier_beta_0.1/Multiplier_beta.srcs/sim_1/new/dspOddAdderTest.vhd" into library xil_defaultlib
INFO: [VRFC 10-307] analyzing entity dspOddAdderTest
INFO: [VRFC 10-163] Analyzing VHDL file "/home/elbadri/Multiplier_beta_0.1/Multiplier_beta_0.1/Multiplier_beta.srcs/sim_1/new/fabricCompSimu.vhd" into library xil_defaultlib
INFO: [VRFC 10-307] analyzing entity fabricCompSimu
INFO: [VRFC 10-163] Analyzing VHDL file "/home/elbadri/Multiplier_beta_0.1/Multiplier_beta_0.1/Multiplier_beta.srcs/sim_1/new/coreFabricCompSimu.vhd" into library xil_defaultlib
INFO: [VRFC 10-307] analyzing entity coreFabricCompSimu
INFO: [VRFC 10-163] Analyzing VHDL file "/home/elbadri/Multiplier_beta_0.1/Multiplier_beta_0.1/Multiplier_beta.srcs/sim_1/new/ChipSimu.vhd" into library xil_defaultlib
INFO: [VRFC 10-307] analyzing entity ChipSimu
INFO: [VRFC 10-163] Analyzing VHDL file "/home/elbadri/Multiplier_beta_0.1/Multiplier_beta_0.1/Multiplier_beta.srcs/sim_1/new/fullSimu.vhd" into library xil_defaultlib
INFO: [VRFC 10-307] analyzing entity fullSimu
INFO: [VRFC 10-163] Analyzing VHDL file "/home/elbadri/Multiplier_beta_0.1/Multiplier_beta_0.1/Multiplier_beta.srcs/sources_1/ip/DSP_Mult/sim/DSP_Mult.vhd" into library xil_defaultlib
INFO: [VRFC 10-307] analyzing entity DSP_Mult
INFO: [VRFC 10-163] Analyzing VHDL file "/home/elbadri/Multiplier_beta_0.1/Multiplier_beta_0.1/Multiplier_beta.srcs/sources_1/ip/c_addsub_0/sim/c_addsub_0.vhd" into library xil_defaultlib
INFO: [VRFC 10-307] analyzing entity c_addsub_0
INFO: [VRFC 10-163] Analyzing VHDL file "/home/elbadri/Multiplier_beta_0.1/Multiplier_beta_0.1/Multiplier_beta.srcs/sources_1/ip/sub/sim/sub.vhd" into library xil_defaultlib
INFO: [VRFC 10-307] analyzing entity sub
INFO: [VRFC 10-163] Analyzing VHDL file "/home/elbadri/Multiplier_beta_0.1/Multiplier_beta_0.1/Multiplier_beta.srcs/sources_1/ip/xbip_dsp48_macro_0/sim/xbip_dsp48_macro_0.vhd" into library xil_defaultlib
INFO: [VRFC 10-307] analyzing entity xbip_dsp48_macro_0
INFO: [VRFC 10-163] Analyzing VHDL file "/home/elbadri/Multiplier_beta_0.1/Multiplier_beta_0.1/Multiplier_beta.srcs/sources_1/ip/mult_fabric/sim/mult_fabric.vhd" into library xil_defaultlib
INFO: [VRFC 10-307] analyzing entity mult_fabric
INFO: [VRFC 10-163] Analyzing VHDL file "/home/elbadri/Multiplier_beta_0.1/Multiplier_beta_0.1/Multiplier_beta.srcs/sources_1/imports/new/customTools.vhd" into library xil_defaultlib
INFO: [VRFC 10-163] Analyzing VHDL file "/home/elbadri/Multiplier_beta_0.1/Multiplier_beta_0.1/Multiplier_beta.srcs/sources_1/new/gen_mult.vhd" into library xil_defaultlib
INFO: [VRFC 10-307] analyzing entity gen_mult
INFO: [VRFC 10-163] Analyzing VHDL file "/home/elbadri/Multiplier_beta_0.1/Multiplier_beta_0.1/Multiplier_beta.srcs/sources_1/new/gen_adder.vhd" into library xil_defaultlib
INFO: [VRFC 10-307] analyzing entity gen_adder
INFO: [VRFC 10-163] Analyzing VHDL file "/home/elbadri/Multiplier_beta_0.1/Multiplier_beta_0.1/Multiplier_beta.srcs/sources_1/new/coreCompare.vhd" into library xil_defaultlib
INFO: [VRFC 10-307] analyzing entity coreCompare
INFO: [VRFC 10-163] Analyzing VHDL file "/home/elbadri/Multiplier_beta_0.1/Multiplier_beta_0.1/Multiplier_beta.srcs/sources_1/new/cAdder.vhd" into library xil_defaultlib
INFO: [VRFC 10-307] analyzing entity cAdder
INFO: [VRFC 10-163] Analyzing VHDL file "/home/elbadri/Multiplier_beta_0.1/Multiplier_beta_0.1/Multiplier_beta.srcs/sources_1/new/Dreg.vhd" into library xil_defaultlib
INFO: [VRFC 10-307] analyzing entity Dreg
INFO: [VRFC 10-163] Analyzing VHDL file "/home/elbadri/Multiplier_beta_0.1/Multiplier_beta_0.1/Multiplier_beta.srcs/sources_1/new/convolution.vhd" into library xil_defaultlib
INFO: [VRFC 10-307] analyzing entity convolution
INFO: [VRFC 10-163] Analyzing VHDL file "/home/elbadri/Multiplier_beta_0.1/Multiplier_beta_0.1/Multiplier_beta.srcs/sources_1/new/comparator.vhd" into library xil_defaultlib
INFO: [VRFC 10-307] analyzing entity comparator
INFO: [VRFC 10-163] Analyzing VHDL file "/home/elbadri/Multiplier_beta_0.1/Multiplier_beta_0.1/Multiplier_beta.srcs/sources_1/new/chip.vhd" into library xil_defaultlib
INFO: [VRFC 10-307] analyzing entity chip
INFO: [VRFC 10-163] Analyzing VHDL file "/home/elbadri/Multiplier_beta_0.1/Multiplier_beta_0.1/Multiplier_beta.srcs/sources_1/new/simulator.vhd" into library xil_defaultlib
INFO: [VRFC 10-307] analyzing entity simulator
INFO: [VRFC 10-163] Analyzing VHDL file "/home/elbadri/Multiplier_beta_0.1/Multiplier_beta_0.1/Multiplier_beta.srcs/sources_1/new/cAddrWrapperTest.vhd" into library xil_defaultlib
INFO: [VRFC 10-307] analyzing entity cAddrWrapperTest
INFO: [VRFC 10-163] Analyzing VHDL file "/home/elbadri/Multiplier_beta_0.1/Multiplier_beta_0.1/Multiplier_beta.srcs/sources_1/new/PackageTest.vhd" into library xil_defaultlib
INFO: [VRFC 10-307] analyzing entity PackageTest
INFO: [VRFC 10-163] Analyzing VHDL file "/home/elbadri/Multiplier_beta_0.1/Multiplier_beta_0.1/Multiplier_beta.srcs/sources_1/new/convolutionWrapperTest.vhd" into library xil_defaultlib
INFO: [VRFC 10-307] analyzing entity convolutionWrapperTest
INFO: [VRFC 10-163] Analyzing VHDL file "/home/elbadri/Multiplier_beta_0.1/Multiplier_beta_0.1/Multiplier_beta.srcs/sources_1/new/fabricAdder.vhd" into library xil_defaultlib
INFO: [VRFC 10-307] analyzing entity fabricAdder
INFO: [VRFC 10-163] Analyzing VHDL file "/home/elbadri/Multiplier_beta_0.1/Multiplier_beta_0.1/Multiplier_beta.srcs/sources_1/new/fabricAdderWrapper.vhd" into library xil_defaultlib
INFO: [VRFC 10-307] analyzing entity fabricAdderWrapper
INFO: [VRFC 10-163] Analyzing VHDL file "/home/elbadri/Multiplier_beta_0.1/Multiplier_beta_0.1/Multiplier_beta.srcs/sources_1/new/DspOddAdder.vhd" into library xil_defaultlib
INFO: [VRFC 10-307] analyzing entity DspOddAdder
INFO: [VRFC 10-163] Analyzing VHDL file "/home/elbadri/Multiplier_beta_0.1/Multiplier_beta_0.1/Multiplier_beta.srcs/sources_1/imports/new/carrySplitter.vhd" into library xil_defaultlib
INFO: [VRFC 10-307] analyzing entity carrySplitter
INFO: [VRFC 10-163] Analyzing VHDL file "/home/elbadri/Multiplier_beta_0.1/Multiplier_beta_0.1/Multiplier_beta.srcs/sources_1/new/CarrySplitAddWrapper.vhd" into library xil_defaultlib
INFO: [VRFC 10-307] analyzing entity CarrySplitAddWrapper
INFO: [VRFC 10-163] Analyzing VHDL file "/home/elbadri/Multiplier_beta_0.1/Multiplier_beta_0.1/Multiplier_beta.srcs/sources_1/new/fabric_mult.vhd" into library xil_defaultlib
INFO: [VRFC 10-307] analyzing entity fabric_mult
INFO: [VRFC 10-163] Analyzing VHDL file "/home/elbadri/Multiplier_beta_0.1/Multiplier_beta_0.1/Multiplier_beta.srcs/sources_1/new/fabric_comp.vhd" into library xil_defaultlib
INFO: [VRFC 10-307] analyzing entity fabric_comp
INFO: [VRFC 10-163] Analyzing VHDL file "/home/elbadri/Multiplier_beta_0.1/Multiplier_beta_0.1/Multiplier_beta.srcs/sources_1/new/fabricCompWrapper.vhd" into library xil_defaultlib
INFO: [VRFC 10-307] analyzing entity fabricCompWrapper
INFO: [VRFC 10-163] Analyzing VHDL file "/home/elbadri/Multiplier_beta_0.1/Multiplier_beta_0.1/Multiplier_beta.srcs/sources_1/new/genOR.vhd" into library xil_defaultlib
INFO: [VRFC 10-307] analyzing entity genOR
INFO: [VRFC 10-163] Analyzing VHDL file "/home/elbadri/Multiplier_beta_0.1/Multiplier_beta_0.1/Multiplier_beta.srcs/sources_1/new/LFSR.vhd" into library xil_defaultlib
INFO: [VRFC 10-307] analyzing entity lfsr
INFO: [VRFC 10-163] Analyzing VHDL file "/home/elbadri/Multiplier_beta_0.1/Multiplier_beta_0.1/Multiplier_beta.srcs/sim_1/new/genMultSimu.vhd" into library xil_defaultlib
INFO: [VRFC 10-307] analyzing entity genMultSimu
INFO: [VRFC 10-163] Analyzing VHDL file "/home/elbadri/Multiplier_beta_0.1/Multiplier_beta_0.1/Multiplier_beta.srcs/sim_1/new/genAdderSimu.vhd" into library xil_defaultlib
INFO: [VRFC 10-307] analyzing entity genAdderSimu
INFO: [VRFC 10-163] Analyzing VHDL file "/home/elbadri/Multiplier_beta_0.1/Multiplier_beta_0.1/Multiplier_beta.srcs/sim_1/new/compCoreSimu.vhd" into library xil_defaultlib
INFO: [VRFC 10-307] analyzing entity compCoreSimu
INFO: [VRFC 10-163] Analyzing VHDL file "/home/elbadri/Multiplier_beta_0.1/Multiplier_beta_0.1/Multiplier_beta.srcs/sim_1/new/convSimu.vhd" into library xil_defaultlib
INFO: [VRFC 10-307] analyzing entity convSimu
INFO: [VRFC 10-163] Analyzing VHDL file "/home/elbadri/Multiplier_beta_0.1/Multiplier_beta_0.1/Multiplier_beta.srcs/sim_1/new/cAdderParam.vhd" into library xil_defaultlib
INFO: [VRFC 10-307] analyzing entity cAdderParam
INFO: [VRFC 10-163] Analyzing VHDL file "/home/elbadri/Multiplier_beta_0.1/Multiplier_beta_0.1/Multiplier_beta.srcs/sim_1/new/fabricAdderTest.vhd" into library xil_defaultlib
INFO: [VRFC 10-307] analyzing entity fabricAdderTest
INFO: [VRFC 10-163] Analyzing VHDL file "/home/elbadri/Multiplier_beta_0.1/Multiplier_beta_0.1/Multiplier_beta.srcs/sim_1/new/dspOddAdderTest.vhd" into library xil_defaultlib
INFO: [VRFC 10-307] analyzing entity dspOddAdderTest
INFO: [VRFC 10-163] Analyzing VHDL file "/home/elbadri/Multiplier_beta_0.1/Multiplier_beta_0.1/Multiplier_beta.srcs/sim_1/new/fabricCompSimu.vhd" into library xil_defaultlib
INFO: [VRFC 10-307] analyzing entity fabricCompSimu
INFO: [VRFC 10-163] Analyzing VHDL file "/home/elbadri/Multiplier_beta_0.1/Multiplier_beta_0.1/Multiplier_beta.srcs/sim_1/new/coreFabricCompSimu.vhd" into library xil_defaultlib
INFO: [VRFC 10-307] analyzing entity coreFabricCompSimu
INFO: [VRFC 10-163] Analyzing VHDL file "/home/elbadri/Multiplier_beta_0.1/Multiplier_beta_0.1/Multiplier_beta.srcs/sim_1/new/ChipSimu.vhd" into library xil_defaultlib
INFO: [VRFC 10-307] analyzing entity ChipSimu
INFO: [VRFC 10-163] Analyzing VHDL file "/home/elbadri/Multiplier_beta_0.1/Multiplier_beta_0.1/Multiplier_beta.srcs/sim_1/new/fullSimu.vhd" into library xil_defaultlib
INFO: [VRFC 10-307] analyzing entity fullSimu
