
*** Running vivado
    with args -log sub.vds -m64 -product Vivado -mode batch -messageDb vivado.pb -notrace -source sub.tcl


****** Vivado v2016.3 (64-bit)
  **** SW Build 1682563 on Mon Oct 10 19:07:26 MDT 2016
  **** IP Build 1681267 on Mon Oct 10 21:28:31 MDT 2016
    ** Copyright 1986-2016 Xilinx, Inc. All Rights Reserved.

source sub.tcl -notrace
Starting RTL Elaboration : Time (s): cpu = 00:00:09 ; elapsed = 00:00:10 . Memory (MB): peak = 1103.988 ; gain = 193.301 ; free physical = 1223 ; free virtual = 23308
INFO: [Synth 8-638] synthesizing module 'sub' [/home/elbadri/Multiplier_beta/Multiplier_beta.srcs/sources_1/ip/sub/synth/sub.vhd:69]
INFO: [Synth 8-256] done synthesizing module 'sub' (7#1) [/home/elbadri/Multiplier_beta/Multiplier_beta.srcs/sources_1/ip/sub/synth/sub.vhd:69]
Finished RTL Elaboration : Time (s): cpu = 00:00:11 ; elapsed = 00:00:11 . Memory (MB): peak = 1148.461 ; gain = 237.773 ; free physical = 1177 ; free virtual = 23262
Finished RTL Optimization Phase 1 : Time (s): cpu = 00:00:11 ; elapsed = 00:00:11 . Memory (MB): peak = 1148.461 ; gain = 237.773 ; free physical = 1175 ; free virtual = 23260
INFO: [Device 21-403] Loading part xc7a100tcsg324-1
Constraint Validation Runtime : Time (s): cpu = 00:00:00.01 ; elapsed = 00:00:00.01 . Memory (MB): peak = 1506.852 ; gain = 0.004 ; free physical = 999 ; free virtual = 23084
Finished Constraint Validation : Time (s): cpu = 00:00:21 ; elapsed = 00:00:22 . Memory (MB): peak = 1506.852 ; gain = 596.164 ; free physical = 998 ; free virtual = 23083
Finished Loading Part and Timing Information : Time (s): cpu = 00:00:21 ; elapsed = 00:00:22 . Memory (MB): peak = 1506.852 ; gain = 596.164 ; free physical = 998 ; free virtual = 23083
Finished applying 'set_property' XDC Constraints : Time (s): cpu = 00:00:21 ; elapsed = 00:00:22 . Memory (MB): peak = 1506.852 ; gain = 596.164 ; free physical = 998 ; free virtual = 23083
Finished RTL Optimization Phase 2 : Time (s): cpu = 00:00:21 ; elapsed = 00:00:22 . Memory (MB): peak = 1506.852 ; gain = 596.164 ; free physical = 991 ; free virtual = 23076
Finished Cross Boundary and Area Optimization : Time (s): cpu = 00:00:22 ; elapsed = 00:00:22 . Memory (MB): peak = 1506.852 ; gain = 596.164 ; free physical = 975 ; free virtual = 23060
Finished Applying XDC Timing Constraints : Time (s): cpu = 00:00:30 ; elapsed = 00:00:31 . Memory (MB): peak = 1506.852 ; gain = 596.164 ; free physical = 948 ; free virtual = 23033
Finished Timing Optimization : Time (s): cpu = 00:00:30 ; elapsed = 00:00:31 . Memory (MB): peak = 1506.852 ; gain = 596.164 ; free physical = 948 ; free virtual = 23033
Finished Technology Mapping : Time (s): cpu = 00:00:30 ; elapsed = 00:00:31 . Memory (MB): peak = 1506.852 ; gain = 596.164 ; free physical = 940 ; free virtual = 23025
Finished IO Insertion : Time (s): cpu = 00:00:31 ; elapsed = 00:00:32 . Memory (MB): peak = 1506.852 ; gain = 596.164 ; free physical = 933 ; free virtual = 23018
Finished Renaming Generated Instances : Time (s): cpu = 00:00:31 ; elapsed = 00:00:32 . Memory (MB): peak = 1506.852 ; gain = 596.164 ; free physical = 933 ; free virtual = 23018
Finished Rebuilding User Hierarchy : Time (s): cpu = 00:00:31 ; elapsed = 00:00:32 . Memory (MB): peak = 1506.852 ; gain = 596.164 ; free physical = 933 ; free virtual = 23018
Finished Renaming Generated Ports : Time (s): cpu = 00:00:31 ; elapsed = 00:00:32 . Memory (MB): peak = 1506.852 ; gain = 596.164 ; free physical = 933 ; free virtual = 23018
Finished Handling Custom Attributes : Time (s): cpu = 00:00:31 ; elapsed = 00:00:32 . Memory (MB): peak = 1506.852 ; gain = 596.164 ; free physical = 914 ; free virtual = 22998
Finished Renaming Generated Nets : Time (s): cpu = 00:00:31 ; elapsed = 00:00:32 . Memory (MB): peak = 1506.852 ; gain = 596.164 ; free physical = 914 ; free virtual = 22998

Report Cell Usage: 
+------+------+------+
|      |Cell  |Count |
+------+------+------+
|1     |LUT2  |    15|
|2     |MUXCY |    14|
|3     |XORCY |    15|
|4     |FDRE  |    15|
+------+------+------+
Finished Writing Synthesis Report : Time (s): cpu = 00:00:31 ; elapsed = 00:00:32 . Memory (MB): peak = 1506.852 ; gain = 596.164 ; free physical = 914 ; free virtual = 22998
synth_design: Time (s): cpu = 00:00:28 ; elapsed = 00:00:28 . Memory (MB): peak = 1506.852 ; gain = 483.445 ; free physical = 920 ; free virtual = 23005
